                                                                                                                        
>>>>>>>>>>>>>>>>>>>>>>>>>>>>>>>>>>>>>>>>>>>>>>>>>>>>>>>>>>>>>>>>>>>>>>>>>>>>>>>>>>>>>>>>>>>>>>>>>>>>>>>>>>>>>>>>>>>>>>>>
2024-09-24 22:28:26,920 - INFO - START NSP_OEC_Training_Chapter_19 =============================================
2024-09-24 22:28:26,920 - INFO - START NSP_OEC_Training_Chapter_19 Start Time = 2024-09-24 22:28:26
2024-09-24 22:28:26,920 - INFO - NSP_OEC_Training_Chapter_19 Step 0 - Initialize the configuration file parser
2024-09-24 22:28:26,920 - INFO - Process NSP_OEC_Training_Chapter_19 Step 0 - Initializing and starting Logging Process.
2024-09-24 22:28:26,981 - INFO - PERFORMANCE NSP_OEC_Training_Chapter_19 The total process duration was:0.06
2024-09-24 22:28:26,981 - INFO - PERFORMANCE NSP_OEC_Training_Chapter_19 Stop Time = 2024-09-24 22:28:26
2024-09-24 22:28:26,981 - INFO - PERFORMANCE NSP_OEC_Training_Chapter_19 Short process duration less than 3 Seconds:0.06
2024-09-24 22:28:26,982 - INFO - PERFORMANCE NSP_OEC_Training_Chapter_19 Performance optimization is not reccomended
2024-09-24 22:28:26,982 - INFO - END NSP_OEC_Training_Chapter_19 =============================================

<<<<<<<<<<<<<<<<<<<<<<<<<<<<<<<<<<<<<<<<<<<<<<<<<<<<<<<<<<<<<<<<<<<<<<<<<<<<<<<<<<<<<<<<<<<<<<<<<<<<<<<<<<<<<<<<<<<<<<<<
                                                                                                                        
                                                                                                                        
>>>>>>>>>>>>>>>>>>>>>>>>>>>>>>>>>>>>>>>>>>>>>>>>>>>>>>>>>>>>>>>>>>>>>>>>>>>>>>>>>>>>>>>>>>>>>>>>>>>>>>>>>>>>>>>>>>>>>>>>
2024-09-24 22:28:40,649 - INFO - START NSP_OEC_Training_Chapter_19 =============================================
2024-09-24 22:28:40,650 - INFO - START NSP_OEC_Training_Chapter_19 Start Time = 2024-09-24 22:28:40
2024-09-24 22:28:40,650 - INFO - NSP_OEC_Training_Chapter_19 Step 0 - Initialize the configuration file parser
2024-09-24 22:28:40,650 - INFO - Process NSP_OEC_Training_Chapter_19 Step 0 - Initializing and starting Logging Process.
2024-09-24 22:28:40,709 - INFO - PERFORMANCE NSP_OEC_Training_Chapter_19 The total process duration was:0.06
2024-09-24 22:28:40,710 - INFO - PERFORMANCE NSP_OEC_Training_Chapter_19 Stop Time = 2024-09-24 22:28:40
2024-09-24 22:28:40,710 - INFO - PERFORMANCE NSP_OEC_Training_Chapter_19 Short process duration less than 3 Seconds:0.06
2024-09-24 22:28:40,710 - INFO - PERFORMANCE NSP_OEC_Training_Chapter_19 Performance optimization is not reccomended
2024-09-24 22:28:40,710 - INFO - END NSP_OEC_Training_Chapter_19 =============================================

<<<<<<<<<<<<<<<<<<<<<<<<<<<<<<<<<<<<<<<<<<<<<<<<<<<<<<<<<<<<<<<<<<<<<<<<<<<<<<<<<<<<<<<<<<<<<<<<<<<<<<<<<<<<<<<<<<<<<<<<
                                                                                                                        
                                                                                                                        
>>>>>>>>>>>>>>>>>>>>>>>>>>>>>>>>>>>>>>>>>>>>>>>>>>>>>>>>>>>>>>>>>>>>>>>>>>>>>>>>>>>>>>>>>>>>>>>>>>>>>>>>>>>>>>>>>>>>>>>>
2024-09-24 22:45:37,680 - INFO - START NSP_OEC_Training_Chapter_19 =============================================
2024-09-24 22:45:37,680 - INFO - START NSP_OEC_Training_Chapter_19 Start Time = 2024-09-24 22:45:37
2024-09-24 22:45:37,680 - INFO - NSP_OEC_Training_Chapter_19 Step 0 - Initialize the configuration file parser
2024-09-24 22:45:37,680 - INFO - Process NSP_OEC_Training_Chapter_19 Step 0 - Initializing and starting Logging Process.
2024-09-24 22:45:37,743 - INFO - PERFORMANCE NSP_OEC_Training_Chapter_19 The total process duration was:0.06
2024-09-24 22:45:37,743 - INFO - PERFORMANCE NSP_OEC_Training_Chapter_19 Stop Time = 2024-09-24 22:45:37
2024-09-24 22:45:37,743 - INFO - PERFORMANCE NSP_OEC_Training_Chapter_19 Short process duration less than 3 Seconds:0.06
2024-09-24 22:45:37,743 - INFO - PERFORMANCE NSP_OEC_Training_Chapter_19 Performance optimization is not reccomended
2024-09-24 22:45:37,743 - INFO - END NSP_OEC_Training_Chapter_19 =============================================

<<<<<<<<<<<<<<<<<<<<<<<<<<<<<<<<<<<<<<<<<<<<<<<<<<<<<<<<<<<<<<<<<<<<<<<<<<<<<<<<<<<<<<<<<<<<<<<<<<<<<<<<<<<<<<<<<<<<<<<<
                                                                                                                        
                                                                                                                        
>>>>>>>>>>>>>>>>>>>>>>>>>>>>>>>>>>>>>>>>>>>>>>>>>>>>>>>>>>>>>>>>>>>>>>>>>>>>>>>>>>>>>>>>>>>>>>>>>>>>>>>>>>>>>>>>>>>>>>>>
2024-09-24 22:46:20,738 - INFO - START NSP_OEC_Training_Chapter_19 =============================================
2024-09-24 22:46:20,738 - INFO - START NSP_OEC_Training_Chapter_19 Start Time = 2024-09-24 22:46:20
2024-09-24 22:46:20,738 - INFO - NSP_OEC_Training_Chapter_19 Step 0 - Initialize the configuration file parser
2024-09-24 22:46:20,738 - INFO - Process NSP_OEC_Training_Chapter_19 Step 0 - Initializing and starting Logging Process.
2024-09-24 22:46:20,800 - INFO - PERFORMANCE NSP_OEC_Training_Chapter_19 The total process duration was:0.06
2024-09-24 22:46:20,801 - INFO - PERFORMANCE NSP_OEC_Training_Chapter_19 Stop Time = 2024-09-24 22:46:20
2024-09-24 22:46:20,801 - INFO - PERFORMANCE NSP_OEC_Training_Chapter_19 Short process duration less than 3 Seconds:0.06
2024-09-24 22:46:20,801 - INFO - PERFORMANCE NSP_OEC_Training_Chapter_19 Performance optimization is not reccomended
2024-09-24 22:46:20,801 - INFO - END NSP_OEC_Training_Chapter_19 =============================================

<<<<<<<<<<<<<<<<<<<<<<<<<<<<<<<<<<<<<<<<<<<<<<<<<<<<<<<<<<<<<<<<<<<<<<<<<<<<<<<<<<<<<<<<<<<<<<<<<<<<<<<<<<<<<<<<<<<<<<<<
                                                                                                                        
                                                                                                                        
>>>>>>>>>>>>>>>>>>>>>>>>>>>>>>>>>>>>>>>>>>>>>>>>>>>>>>>>>>>>>>>>>>>>>>>>>>>>>>>>>>>>>>>>>>>>>>>>>>>>>>>>>>>>>>>>>>>>>>>>
2024-09-27 01:59:03,175 - INFO - START NSP_OEC_Training_Chapter_19 =============================================
2024-09-27 01:59:03,176 - INFO - START NSP_OEC_Training_Chapter_19 Start Time = 2024-09-27 01:59:03
2024-09-27 01:59:03,176 - INFO - NSP_OEC_Training_Chapter_19 Step 0 - Initialize the configuration file parser
2024-09-27 01:59:03,176 - INFO - Process NSP_OEC_Training_Chapter_19 Step 0 - Initializing and starting Logging Process.
2024-09-27 01:59:03,300 - INFO - PERFORMANCE NSP_OEC_Training_Chapter_19 The total process duration was:0.12
2024-09-27 01:59:03,300 - INFO - PERFORMANCE NSP_OEC_Training_Chapter_19 Stop Time = 2024-09-27 01:59:03
2024-09-27 01:59:03,301 - INFO - PERFORMANCE NSP_OEC_Training_Chapter_19 Short process duration less than 3 Seconds:0.12
2024-09-27 01:59:03,301 - INFO - PERFORMANCE NSP_OEC_Training_Chapter_19 Performance optimization is not reccomended
2024-09-27 01:59:03,301 - INFO - END NSP_OEC_Training_Chapter_19 =============================================

<<<<<<<<<<<<<<<<<<<<<<<<<<<<<<<<<<<<<<<<<<<<<<<<<<<<<<<<<<<<<<<<<<<<<<<<<<<<<<<<<<<<<<<<<<<<<<<<<<<<<<<<<<<<<<<<<<<<<<<<
                                                                                                                        
